<?xml version="1.0" encoding="UTF-8"?>
<!-- Generated by org.testng.reporters.JUnitReportReporter -->
<testsuite skipped="0" hostname="in-madhurvk-1" name="com.api.testScripts.postTest" tests="1" failures="0" timestamp="3 May 2020 05:26:46 GMT" time="0.533" errors="0">
  <testcase name="addNewPostData" time="0.533" classname="com.api.testScripts.postTest"/>
</testsuite> <!-- com.api.testScripts.postTest -->
